生成启动时间为 2017/9/15 19:10:53。
     1>项目“C:\Users\linyuhang\Documents\Visual Studio 2013\Projects\CDataCollectorDemo\CDataCollectorDemo\CDataCollectorDemo.vcxproj”在节点 2 上(Rebuild 个目标)。
     1>ClCompile:
         D:\vs2013\VC\bin\CL.exe /c /ZI /nologo /W3 /WX- /sdl- /Od /Oy- /D WIN32 /D _DEBUG /D _CONSOLE /D _LIB /D _UNICODE /D UNICODE /Gm /EHsc /RTC1 /MDd /GS /fp:precise /Zc:wchar_t /Zc:forScope /Yc"stdafx.h" /Fp"Debug\CDataCollectorDemo.pch" /Fo"Debug\\" /Fd"Debug\vc120.pdb" /Gd /TP /analyze- /errorReport:prompt stdafx.cpp
         stdafx.cpp
         D:\vs2013\VC\bin\CL.exe /c /ZI /nologo /W3 /WX- /sdl- /Od /Oy- /D WIN32 /D _DEBUG /D _CONSOLE /D _LIB /D _UNICODE /D UNICODE /Gm /EHsc /RTC1 /MDd /GS /fp:precise /Zc:wchar_t /Zc:forScope /Yu"stdafx.h" /Fp"Debug\CDataCollectorDemo.pch" /Fo"Debug\\" /Fd"Debug\vc120.pdb" /Gd /TP /analyze- /errorReport:prompt BaseCollector.cpp CDataCollectorDemo.cpp MemoryPool.cpp MTMemoryPool.cpp MyCriticalSection.cpp ProcessCollector.cpp ThreadCollector.cpp
         ThreadCollector.cpp
         ProcessCollector.cpp
     1>c:\users\linyuhang\documents\visual studio 2013\projects\cdatacollectordemo\cdatacollectordemo\processcollector.cpp(79): warning C4996: 'inet_addr': Use inet_pton() or InetPton() instead or define _WINSOCK_DEPRECATED_NO_WARNINGS to disable deprecated API warnings
                 c:\program files (x86)\windows kits\8.1\include\um\winsock2.h(1850) : 参见“inet_addr”的声明
     1>c:\users\linyuhang\documents\visual studio 2013\projects\cdatacollectordemo\cdatacollectordemo\processcollector.cpp(87): warning C4996: 'inet_addr': Use inet_pton() or InetPton() instead or define _WINSOCK_DEPRECATED_NO_WARNINGS to disable deprecated API warnings
                 c:\program files (x86)\windows kits\8.1\include\um\winsock2.h(1850) : 参见“inet_addr”的声明
         MyCriticalSection.cpp
         MTMemoryPool.cpp
         MemoryPool.cpp
         CDataCollectorDemo.cpp
         BaseCollector.cpp
         正在生成代码...
       Link:
         D:\vs2013\VC\bin\link.exe /ERRORREPORT:PROMPT /OUT:"C:\Users\linyuhang\Documents\Visual Studio 2013\Projects\CDataCollectorDemo\Debug\CDataCollectorDemo.exe" /INCREMENTAL /NOLOGO kernel32.lib user32.lib gdi32.lib winspool.lib comdlg32.lib advapi32.lib shell32.lib ole32.lib oleaut32.lib uuid.lib odbc32.lib odbccp32.lib /MANIFEST /MANIFESTUAC:"level='asInvoker' uiAccess='false'" /manifest:embed /DEBUG /PDB:"C:\Users\linyuhang\Documents\Visual Studio 2013\Projects\CDataCollectorDemo\Debug\CDataCollectorDemo.pdb" /SUBSYSTEM:CONSOLE /TLBID:1 /DYNAMICBASE /NXCOMPAT /IMPLIB:"C:\Users\linyuhang\Documents\Visual Studio 2013\Projects\CDataCollectorDemo\Debug\CDataCollectorDemo.lib" /MACHINE:X86 Debug\BaseCollector.obj
         Debug\CDataCollectorDemo.obj
         Debug\MemoryPool.obj
         Debug\MTMemoryPool.obj
         Debug\MyCriticalSection.obj
         Debug\ProcessCollector.obj
         Debug\stdafx.obj
         Debug\ThreadCollector.obj
         CDataCollectorDemo.vcxproj -> C:\Users\linyuhang\Documents\Visual Studio 2013\Projects\CDataCollectorDemo\Debug\CDataCollectorDemo.exe
     1>已完成生成项目“C:\Users\linyuhang\Documents\Visual Studio 2013\Projects\CDataCollectorDemo\CDataCollectorDemo\CDataCollectorDemo.vcxproj”(Rebuild 个目标)的操作。

生成成功。

已用时间 00:00:02.49
